-- The C compiler identification is GNU 13.3.0
-- The CXX compiler identification is GNU 13.3.0
-- Detecting C compiler ABI info
-- Detecting C compiler ABI info - done
-- Check for working C compiler: /usr/bin/cc - skipped
-- Detecting C compile features
-- Detecting C compile features - done
-- Detecting CXX compiler ABI info
-- Detecting CXX compiler ABI info - done
-- Check for working CXX compiler: /usr/bin/c++ - skipped
-- Detecting CXX compile features
-- Detecting CXX compile features - done
-- Found ament_cmake: 2.5.2 (/opt/ros/jazzy/share/ament_cmake/cmake)
-- Found Python3: /usr/bin/python3 (found version "3.12.3") found components: Interpreter 
-- Override CMake install command with custom implementation using symlinks instead of copying resources
-- Configuring done (0.8s)
-- Generating done (0.0s)
-- Build files have been written to: /home/flow/rostut_ws/build/my_bot_bringup
-- Install configuration: ""
-- Execute custom install script
-- Symlinking: /home/flow/rostut_ws/install/my_bot_bringup/share/my_bot_bringup//launch/my_bot_gazebo.launch.xml
-- Symlinking: /home/flow/rostut_ws/install/my_bot_bringup/share/my_bot_bringup//rviz/bot.rviz
-- Symlinking: /home/flow/rostut_ws/install/my_bot_bringup/share/ament_index/resource_index/package_run_dependencies/my_bot_bringup
-- Symlinking: /home/flow/rostut_ws/install/my_bot_bringup/share/ament_index/resource_index/parent_prefix_path/my_bot_bringup
-- Symlinking: /home/flow/rostut_ws/install/my_bot_bringup/share/my_bot_bringup/environment/ament_prefix_path.sh
-- Symlinking: /home/flow/rostut_ws/install/my_bot_bringup/share/my_bot_bringup/environment/ament_prefix_path.dsv
-- Symlinking: /home/flow/rostut_ws/install/my_bot_bringup/share/my_bot_bringup/environment/path.sh
-- Symlinking: /home/flow/rostut_ws/install/my_bot_bringup/share/my_bot_bringup/environment/path.dsv
-- Symlinking: /home/flow/rostut_ws/install/my_bot_bringup/share/my_bot_bringup/local_setup.bash
-- Symlinking: /home/flow/rostut_ws/install/my_bot_bringup/share/my_bot_bringup/local_setup.sh
-- Symlinking: /home/flow/rostut_ws/install/my_bot_bringup/share/my_bot_bringup/local_setup.zsh
-- Symlinking: /home/flow/rostut_ws/install/my_bot_bringup/share/my_bot_bringup/local_setup.dsv
-- Symlinking: /home/flow/rostut_ws/install/my_bot_bringup/share/my_bot_bringup/package.dsv
-- Symlinking: /home/flow/rostut_ws/install/my_bot_bringup/share/ament_index/resource_index/packages/my_bot_bringup
-- Symlinking: /home/flow/rostut_ws/install/my_bot_bringup/share/my_bot_bringup/cmake/my_bot_bringupConfig.cmake
-- Symlinking: /home/flow/rostut_ws/install/my_bot_bringup/share/my_bot_bringup/cmake/my_bot_bringupConfig-version.cmake
-- Symlinking: /home/flow/rostut_ws/install/my_bot_bringup/share/my_bot_bringup/package.xml
