[0.012s] Invoking command in '/home/flow/rostut_ws/build/my_bot_bringup': CMAKE_PREFIX_PATH=${CMAKE_PREFIX_PATH}:/opt/ros/jazzy DEBUGINFOD_URLS=https://debuginfod.ubuntu.com /usr/bin/cmake /home/flow/rostut_ws/src/my_bot_bringup -DAMENT_CMAKE_SYMLINK_INSTALL=1 -DCMAKE_INSTALL_PREFIX=/home/flow/rostut_ws/install/my_bot_bringup
[0.105s] -- The C compiler identification is GNU 13.3.0
[0.236s] -- The CXX compiler identification is GNU 13.3.0
[0.252s] -- Detecting C compiler ABI info
[0.319s] -- Detecting C compiler ABI info - done
[0.328s] -- Check for working C compiler: /usr/bin/cc - skipped
[0.328s] -- Detecting C compile features
[0.329s] -- Detecting C compile features - done
[0.336s] -- Detecting CXX compiler ABI info
[0.412s] -- Detecting CXX compiler ABI info - done
[0.420s] -- Check for working CXX compiler: /usr/bin/c++ - skipped
[0.421s] -- Detecting CXX compile features
[0.421s] -- Detecting CXX compile features - done
[0.428s] -- Found ament_cmake: 2.5.2 (/opt/ros/jazzy/share/ament_cmake/cmake)
[0.620s] -- Found Python3: /usr/bin/python3 (found version "3.12.3") found components: Interpreter 
[0.731s] -- Override CMake install command with custom implementation using symlinks instead of copying resources
[0.839s] -- Configuring done (0.8s)
[0.841s] -- Generating done (0.0s)
[0.842s] -- Build files have been written to: /home/flow/rostut_ws/build/my_bot_bringup
[0.845s] Invoked command in '/home/flow/rostut_ws/build/my_bot_bringup' returned '0': CMAKE_PREFIX_PATH=${CMAKE_PREFIX_PATH}:/opt/ros/jazzy DEBUGINFOD_URLS=https://debuginfod.ubuntu.com /usr/bin/cmake /home/flow/rostut_ws/src/my_bot_bringup -DAMENT_CMAKE_SYMLINK_INSTALL=1 -DCMAKE_INSTALL_PREFIX=/home/flow/rostut_ws/install/my_bot_bringup
[0.846s] Invoking command in '/home/flow/rostut_ws/build/my_bot_bringup': CMAKE_PREFIX_PATH=${CMAKE_PREFIX_PATH}:/opt/ros/jazzy DEBUGINFOD_URLS=https://debuginfod.ubuntu.com /usr/bin/cmake --build /home/flow/rostut_ws/build/my_bot_bringup -- -j12 -l12
[0.874s] Invoked command in '/home/flow/rostut_ws/build/my_bot_bringup' returned '0': CMAKE_PREFIX_PATH=${CMAKE_PREFIX_PATH}:/opt/ros/jazzy DEBUGINFOD_URLS=https://debuginfod.ubuntu.com /usr/bin/cmake --build /home/flow/rostut_ws/build/my_bot_bringup -- -j12 -l12
[0.875s] Invoking command in '/home/flow/rostut_ws/build/my_bot_bringup': CMAKE_PREFIX_PATH=${CMAKE_PREFIX_PATH}:/opt/ros/jazzy DEBUGINFOD_URLS=https://debuginfod.ubuntu.com /usr/bin/cmake --install /home/flow/rostut_ws/build/my_bot_bringup
[0.881s] -- Install configuration: ""
[0.881s] -- Execute custom install script
[0.881s] -- Symlinking: /home/flow/rostut_ws/install/my_bot_bringup/share/my_bot_bringup//launch/my_bot_gazebo.launch.xml
[0.888s] -- Symlinking: /home/flow/rostut_ws/install/my_bot_bringup/share/my_bot_bringup//rviz/bot.rviz
[0.894s] -- Symlinking: /home/flow/rostut_ws/install/my_bot_bringup/share/ament_index/resource_index/package_run_dependencies/my_bot_bringup
[0.900s] -- Symlinking: /home/flow/rostut_ws/install/my_bot_bringup/share/ament_index/resource_index/parent_prefix_path/my_bot_bringup
[0.907s] -- Symlinking: /home/flow/rostut_ws/install/my_bot_bringup/share/my_bot_bringup/environment/ament_prefix_path.sh
[0.913s] -- Symlinking: /home/flow/rostut_ws/install/my_bot_bringup/share/my_bot_bringup/environment/ament_prefix_path.dsv
[0.920s] -- Symlinking: /home/flow/rostut_ws/install/my_bot_bringup/share/my_bot_bringup/environment/path.sh
[0.926s] -- Symlinking: /home/flow/rostut_ws/install/my_bot_bringup/share/my_bot_bringup/environment/path.dsv
[0.932s] -- Symlinking: /home/flow/rostut_ws/install/my_bot_bringup/share/my_bot_bringup/local_setup.bash
[0.939s] -- Symlinking: /home/flow/rostut_ws/install/my_bot_bringup/share/my_bot_bringup/local_setup.sh
[0.945s] -- Symlinking: /home/flow/rostut_ws/install/my_bot_bringup/share/my_bot_bringup/local_setup.zsh
[0.952s] -- Symlinking: /home/flow/rostut_ws/install/my_bot_bringup/share/my_bot_bringup/local_setup.dsv
[0.958s] -- Symlinking: /home/flow/rostut_ws/install/my_bot_bringup/share/my_bot_bringup/package.dsv
[0.964s] -- Symlinking: /home/flow/rostut_ws/install/my_bot_bringup/share/ament_index/resource_index/packages/my_bot_bringup
[0.971s] -- Symlinking: /home/flow/rostut_ws/install/my_bot_bringup/share/my_bot_bringup/cmake/my_bot_bringupConfig.cmake
[0.977s] -- Symlinking: /home/flow/rostut_ws/install/my_bot_bringup/share/my_bot_bringup/cmake/my_bot_bringupConfig-version.cmake
[0.983s] -- Symlinking: /home/flow/rostut_ws/install/my_bot_bringup/share/my_bot_bringup/package.xml
[0.990s] Invoked command in '/home/flow/rostut_ws/build/my_bot_bringup' returned '0': CMAKE_PREFIX_PATH=${CMAKE_PREFIX_PATH}:/opt/ros/jazzy DEBUGINFOD_URLS=https://debuginfod.ubuntu.com /usr/bin/cmake --install /home/flow/rostut_ws/build/my_bot_bringup
