[0.008s] Invoking command in '/home/flow/rostut_ws/build/my_bot_description': CMAKE_PREFIX_PATH=${CMAKE_PREFIX_PATH}:/opt/ros/jazzy DEBUGINFOD_URLS=https://debuginfod.ubuntu.com /usr/bin/cmake --build /home/flow/rostut_ws/build/my_bot_description -- -j12 -l12
[0.037s] Invoked command in '/home/flow/rostut_ws/build/my_bot_description' returned '0': CMAKE_PREFIX_PATH=${CMAKE_PREFIX_PATH}:/opt/ros/jazzy DEBUGINFOD_URLS=https://debuginfod.ubuntu.com /usr/bin/cmake --build /home/flow/rostut_ws/build/my_bot_description -- -j12 -l12
[0.043s] Invoking command in '/home/flow/rostut_ws/build/my_bot_description': CMAKE_PREFIX_PATH=${CMAKE_PREFIX_PATH}:/opt/ros/jazzy DEBUGINFOD_URLS=https://debuginfod.ubuntu.com /usr/bin/cmake --install /home/flow/rostut_ws/build/my_bot_description
[0.049s] -- Install configuration: ""
[0.049s] -- Up-to-date: /home/flow/rostut_ws/install/my_bot_description/share/my_bot_description//urdf
[0.049s] -- Up-to-date: /home/flow/rostut_ws/install/my_bot_description/share/my_bot_description//urdf/my_bot.urdf
[0.049s] -- Up-to-date: /home/flow/rostut_ws/install/my_bot_description/share/my_bot_description//launch
[0.049s] -- Installing: /home/flow/rostut_ws/install/my_bot_description/share/my_bot_description//launch/display.launch.py
[0.050s] -- Installing: /home/flow/rostut_ws/install/my_bot_description/share/my_bot_description//launch/display.launch.xml
[0.050s] -- Up-to-date: /home/flow/rostut_ws/install/my_bot_description/share/ament_index/resource_index/package_run_dependencies/my_bot_description
[0.050s] -- Up-to-date: /home/flow/rostut_ws/install/my_bot_description/share/ament_index/resource_index/parent_prefix_path/my_bot_description
[0.050s] -- Up-to-date: /home/flow/rostut_ws/install/my_bot_description/share/my_bot_description/environment/ament_prefix_path.sh
[0.050s] -- Up-to-date: /home/flow/rostut_ws/install/my_bot_description/share/my_bot_description/environment/ament_prefix_path.dsv
[0.050s] -- Up-to-date: /home/flow/rostut_ws/install/my_bot_description/share/my_bot_description/environment/path.sh
[0.050s] -- Up-to-date: /home/flow/rostut_ws/install/my_bot_description/share/my_bot_description/environment/path.dsv
[0.050s] -- Up-to-date: /home/flow/rostut_ws/install/my_bot_description/share/my_bot_description/local_setup.bash
[0.050s] -- Up-to-date: /home/flow/rostut_ws/install/my_bot_description/share/my_bot_description/local_setup.sh
[0.050s] -- Up-to-date: /home/flow/rostut_ws/install/my_bot_description/share/my_bot_description/local_setup.zsh
[0.050s] -- Up-to-date: /home/flow/rostut_ws/install/my_bot_description/share/my_bot_description/local_setup.dsv
[0.050s] -- Installing: /home/flow/rostut_ws/install/my_bot_description/share/my_bot_description/package.dsv
[0.050s] -- Up-to-date: /home/flow/rostut_ws/install/my_bot_description/share/ament_index/resource_index/packages/my_bot_description
[0.050s] -- Up-to-date: /home/flow/rostut_ws/install/my_bot_description/share/my_bot_description/cmake/my_bot_descriptionConfig.cmake
[0.051s] -- Up-to-date: /home/flow/rostut_ws/install/my_bot_description/share/my_bot_description/cmake/my_bot_descriptionConfig-version.cmake
[0.051s] -- Up-to-date: /home/flow/rostut_ws/install/my_bot_description/share/my_bot_description/package.xml
[0.051s] Invoked command in '/home/flow/rostut_ws/build/my_bot_description' returned '0': CMAKE_PREFIX_PATH=${CMAKE_PREFIX_PATH}:/opt/ros/jazzy DEBUGINFOD_URLS=https://debuginfod.ubuntu.com /usr/bin/cmake --install /home/flow/rostut_ws/build/my_bot_description
