[0.011s] Invoking command in '/home/flow/rostut_ws/build/my_bot_bringup': CMAKE_PREFIX_PATH=${CMAKE_PREFIX_PATH}:/opt/ros/jazzy DEBUGINFOD_URLS=https://debuginfod.ubuntu.com /usr/bin/cmake --build /home/flow/rostut_ws/build/my_bot_bringup -- -j12 -l12
[0.042s] Invoked command in '/home/flow/rostut_ws/build/my_bot_bringup' returned '0': CMAKE_PREFIX_PATH=${CMAKE_PREFIX_PATH}:/opt/ros/jazzy DEBUGINFOD_URLS=https://debuginfod.ubuntu.com /usr/bin/cmake --build /home/flow/rostut_ws/build/my_bot_bringup -- -j12 -l12
[0.049s] Invoking command in '/home/flow/rostut_ws/build/my_bot_bringup': CMAKE_PREFIX_PATH=${CMAKE_PREFIX_PATH}:/opt/ros/jazzy DEBUGINFOD_URLS=https://debuginfod.ubuntu.com /usr/bin/cmake --install /home/flow/rostut_ws/build/my_bot_bringup
[0.055s] -- Install configuration: ""
[0.055s] -- Execute custom install script
[0.055s] -- Up-to-date symlink: /home/flow/rostut_ws/install/my_bot_bringup/share/my_bot_bringup//launch/my_bot_gazebo.launch.xml
[0.056s] -- Up-to-date symlink: /home/flow/rostut_ws/install/my_bot_bringup/share/my_bot_bringup//rviz/bot.rviz
[0.056s] -- Up-to-date symlink: /home/flow/rostut_ws/install/my_bot_bringup/share/ament_index/resource_index/package_run_dependencies/my_bot_bringup
[0.056s] -- Up-to-date symlink: /home/flow/rostut_ws/install/my_bot_bringup/share/ament_index/resource_index/parent_prefix_path/my_bot_bringup
[0.056s] -- Up-to-date symlink: /home/flow/rostut_ws/install/my_bot_bringup/share/my_bot_bringup/environment/ament_prefix_path.sh
[0.056s] -- Up-to-date symlink: /home/flow/rostut_ws/install/my_bot_bringup/share/my_bot_bringup/environment/ament_prefix_path.dsv
[0.056s] -- Up-to-date symlink: /home/flow/rostut_ws/install/my_bot_bringup/share/my_bot_bringup/environment/path.sh
[0.057s] -- Up-to-date symlink: /home/flow/rostut_ws/install/my_bot_bringup/share/my_bot_bringup/environment/path.dsv
[0.057s] -- Up-to-date symlink: /home/flow/rostut_ws/install/my_bot_bringup/share/my_bot_bringup/local_setup.bash
[0.057s] -- Up-to-date symlink: /home/flow/rostut_ws/install/my_bot_bringup/share/my_bot_bringup/local_setup.sh
[0.057s] -- Up-to-date symlink: /home/flow/rostut_ws/install/my_bot_bringup/share/my_bot_bringup/local_setup.zsh
[0.057s] -- Up-to-date symlink: /home/flow/rostut_ws/install/my_bot_bringup/share/my_bot_bringup/local_setup.dsv
[0.057s] -- Symlinking: /home/flow/rostut_ws/install/my_bot_bringup/share/my_bot_bringup/package.dsv
[0.064s] -- Up-to-date symlink: /home/flow/rostut_ws/install/my_bot_bringup/share/ament_index/resource_index/packages/my_bot_bringup
[0.064s] -- Up-to-date symlink: /home/flow/rostut_ws/install/my_bot_bringup/share/my_bot_bringup/cmake/my_bot_bringupConfig.cmake
[0.065s] -- Up-to-date symlink: /home/flow/rostut_ws/install/my_bot_bringup/share/my_bot_bringup/cmake/my_bot_bringupConfig-version.cmake
[0.065s] -- Up-to-date symlink: /home/flow/rostut_ws/install/my_bot_bringup/share/my_bot_bringup/package.xml
[0.066s] Invoked command in '/home/flow/rostut_ws/build/my_bot_bringup' returned '0': CMAKE_PREFIX_PATH=${CMAKE_PREFIX_PATH}:/opt/ros/jazzy DEBUGINFOD_URLS=https://debuginfod.ubuntu.com /usr/bin/cmake --install /home/flow/rostut_ws/build/my_bot_bringup
