-- Found ament_cmake: 2.5.2 (/opt/ros/jazzy/share/ament_cmake/cmake)
-- Override CMake install command with custom implementation using symlinks instead of copying resources
-- Configuring done (0.5s)
-- Generating done (0.0s)
-- Build files have been written to: /home/flow/rostut_ws/build/my_bot_description
-- Install configuration: ""
-- Execute custom install script
-- Symlinking: /home/flow/rostut_ws/install/my_bot_description/share/my_bot_description//urdf/my_bot.urdf.xacro
-- Symlinking: /home/flow/rostut_ws/install/my_bot_description/share/my_bot_description//launch/display.launch.py
-- Symlinking: /home/flow/rostut_ws/install/my_bot_description/share/my_bot_description//launch/display.launch.xml
-- Symlinking: /home/flow/rostut_ws/install/my_bot_description/share/my_bot_description//rviz/bot.rviz
-- Symlinking: /home/flow/rostut_ws/install/my_bot_description/share/ament_index/resource_index/package_run_dependencies/my_bot_description
-- Symlinking: /home/flow/rostut_ws/install/my_bot_description/share/ament_index/resource_index/parent_prefix_path/my_bot_description
-- Symlinking: /home/flow/rostut_ws/install/my_bot_description/share/my_bot_description/environment/ament_prefix_path.sh
-- Symlinking: /home/flow/rostut_ws/install/my_bot_description/share/my_bot_description/environment/ament_prefix_path.dsv
-- Symlinking: /home/flow/rostut_ws/install/my_bot_description/share/my_bot_description/environment/path.sh
-- Symlinking: /home/flow/rostut_ws/install/my_bot_description/share/my_bot_description/environment/path.dsv
-- Symlinking: /home/flow/rostut_ws/install/my_bot_description/share/my_bot_description/local_setup.bash
-- Symlinking: /home/flow/rostut_ws/install/my_bot_description/share/my_bot_description/local_setup.sh
-- Symlinking: /home/flow/rostut_ws/install/my_bot_description/share/my_bot_description/local_setup.zsh
-- Symlinking: /home/flow/rostut_ws/install/my_bot_description/share/my_bot_description/local_setup.dsv
-- Symlinking: /home/flow/rostut_ws/install/my_bot_description/share/my_bot_description/package.dsv
-- Symlinking: /home/flow/rostut_ws/install/my_bot_description/share/ament_index/resource_index/packages/my_bot_description
-- Symlinking: /home/flow/rostut_ws/install/my_bot_description/share/my_bot_description/cmake/my_bot_descriptionConfig.cmake
-- Symlinking: /home/flow/rostut_ws/install/my_bot_description/share/my_bot_description/cmake/my_bot_descriptionConfig-version.cmake
-- Symlinking: /home/flow/rostut_ws/install/my_bot_description/share/my_bot_description/package.xml
