[0.013s] Invoking command in '/home/flow/rostut_ws/build/my_bot_description': CMAKE_PREFIX_PATH=${CMAKE_PREFIX_PATH}:/opt/ros/jazzy DEBUGINFOD_URLS=https://debuginfod.ubuntu.com /usr/bin/cmake --build /home/flow/rostut_ws/build/my_bot_description -- -j12 -l12
[0.052s] Invoked command in '/home/flow/rostut_ws/build/my_bot_description' returned '0': CMAKE_PREFIX_PATH=${CMAKE_PREFIX_PATH}:/opt/ros/jazzy DEBUGINFOD_URLS=https://debuginfod.ubuntu.com /usr/bin/cmake --build /home/flow/rostut_ws/build/my_bot_description -- -j12 -l12
[0.062s] Invoking command in '/home/flow/rostut_ws/build/my_bot_description': CMAKE_PREFIX_PATH=${CMAKE_PREFIX_PATH}:/opt/ros/jazzy DEBUGINFOD_URLS=https://debuginfod.ubuntu.com /usr/bin/cmake --install /home/flow/rostut_ws/build/my_bot_description
[0.072s] -- Install configuration: ""
[0.072s] -- Execute custom install script
[0.073s] -- Symlinking: /home/flow/rostut_ws/install/my_bot_description/share/my_bot_description//urdf/common_properties.xacro
[0.085s] -- Symlinking: /home/flow/rostut_ws/install/my_bot_description/share/my_bot_description//urdf/mobile_base.xacro
[0.100s] -- Up-to-date symlink: /home/flow/rostut_ws/install/my_bot_description/share/my_bot_description//urdf/my_bot.urdf.xacro
[0.101s] -- Up-to-date symlink: /home/flow/rostut_ws/install/my_bot_description/share/my_bot_description//launch/display.launch.py
[0.101s] -- Up-to-date symlink: /home/flow/rostut_ws/install/my_bot_description/share/my_bot_description//launch/display.launch.xml
[0.102s] -- Up-to-date symlink: /home/flow/rostut_ws/install/my_bot_description/share/my_bot_description//rviz/bot.rviz
[0.102s] -- Up-to-date symlink: /home/flow/rostut_ws/install/my_bot_description/share/ament_index/resource_index/package_run_dependencies/my_bot_description
[0.102s] -- Up-to-date symlink: /home/flow/rostut_ws/install/my_bot_description/share/ament_index/resource_index/parent_prefix_path/my_bot_description
[0.103s] -- Up-to-date symlink: /home/flow/rostut_ws/install/my_bot_description/share/my_bot_description/environment/ament_prefix_path.sh
[0.103s] -- Up-to-date symlink: /home/flow/rostut_ws/install/my_bot_description/share/my_bot_description/environment/ament_prefix_path.dsv
[0.104s] -- Up-to-date symlink: /home/flow/rostut_ws/install/my_bot_description/share/my_bot_description/environment/path.sh
[0.104s] -- Up-to-date symlink: /home/flow/rostut_ws/install/my_bot_description/share/my_bot_description/environment/path.dsv
[0.104s] -- Up-to-date symlink: /home/flow/rostut_ws/install/my_bot_description/share/my_bot_description/local_setup.bash
[0.105s] -- Up-to-date symlink: /home/flow/rostut_ws/install/my_bot_description/share/my_bot_description/local_setup.sh
[0.106s] -- Up-to-date symlink: /home/flow/rostut_ws/install/my_bot_description/share/my_bot_description/local_setup.zsh
[0.106s] -- Up-to-date symlink: /home/flow/rostut_ws/install/my_bot_description/share/my_bot_description/local_setup.dsv
[0.107s] -- Symlinking: /home/flow/rostut_ws/install/my_bot_description/share/my_bot_description/package.dsv
[0.136s] -- Up-to-date symlink: /home/flow/rostut_ws/install/my_bot_description/share/ament_index/resource_index/packages/my_bot_description
[0.137s] -- Up-to-date symlink: /home/flow/rostut_ws/install/my_bot_description/share/my_bot_description/cmake/my_bot_descriptionConfig.cmake
[0.137s] -- Up-to-date symlink: /home/flow/rostut_ws/install/my_bot_description/share/my_bot_description/cmake/my_bot_descriptionConfig-version.cmake
[0.138s] -- Up-to-date symlink: /home/flow/rostut_ws/install/my_bot_description/share/my_bot_description/package.xml
[0.143s] Invoked command in '/home/flow/rostut_ws/build/my_bot_description' returned '0': CMAKE_PREFIX_PATH=${CMAKE_PREFIX_PATH}:/opt/ros/jazzy DEBUGINFOD_URLS=https://debuginfod.ubuntu.com /usr/bin/cmake --install /home/flow/rostut_ws/build/my_bot_description
