[0.014s] Invoking command in '/home/flow/rostut_ws/build/my_bot_description': CMAKE_PREFIX_PATH=${CMAKE_PREFIX_PATH}:/opt/ros/jazzy DEBUGINFOD_URLS=https://debuginfod.ubuntu.com /usr/bin/cmake --build /home/flow/rostut_ws/build/my_bot_description -- -j12 -l12
[0.100s] Invoked command in '/home/flow/rostut_ws/build/my_bot_description' returned '0': CMAKE_PREFIX_PATH=${CMAKE_PREFIX_PATH}:/opt/ros/jazzy DEBUGINFOD_URLS=https://debuginfod.ubuntu.com /usr/bin/cmake --build /home/flow/rostut_ws/build/my_bot_description -- -j12 -l12
[0.113s] Invoking command in '/home/flow/rostut_ws/build/my_bot_description': CMAKE_PREFIX_PATH=${CMAKE_PREFIX_PATH}:/opt/ros/jazzy DEBUGINFOD_URLS=https://debuginfod.ubuntu.com /usr/bin/cmake --install /home/flow/rostut_ws/build/my_bot_description
[0.126s] -- Install configuration: ""
[0.126s] -- Up-to-date: /home/flow/rostut_ws/install/my_bot_description/share/my_bot_description//urdf
[0.127s] -- Up-to-date: /home/flow/rostut_ws/install/my_bot_description/share/my_bot_description//urdf/my_bot.urdf
[0.127s] -- Up-to-date: /home/flow/rostut_ws/install/my_bot_description/share/my_bot_description//launch
[0.127s] -- Installing: /home/flow/rostut_ws/install/my_bot_description/share/my_bot_description//launch/display.launch.py
[0.127s] -- Installing: /home/flow/rostut_ws/install/my_bot_description/share/my_bot_description//launch/display.launch.xml
[0.128s] -- Up-to-date: /home/flow/rostut_ws/install/my_bot_description/share/my_bot_description//rviz
[0.128s] -- Up-to-date: /home/flow/rostut_ws/install/my_bot_description/share/my_bot_description//rviz/bot.rviz
[0.128s] -- Up-to-date: /home/flow/rostut_ws/install/my_bot_description/share/ament_index/resource_index/package_run_dependencies/my_bot_description
[0.128s] -- Up-to-date: /home/flow/rostut_ws/install/my_bot_description/share/ament_index/resource_index/parent_prefix_path/my_bot_description
[0.128s] -- Up-to-date: /home/flow/rostut_ws/install/my_bot_description/share/my_bot_description/environment/ament_prefix_path.sh
[0.129s] -- Up-to-date: /home/flow/rostut_ws/install/my_bot_description/share/my_bot_description/environment/ament_prefix_path.dsv
[0.129s] -- Up-to-date: /home/flow/rostut_ws/install/my_bot_description/share/my_bot_description/environment/path.sh
[0.129s] -- Up-to-date: /home/flow/rostut_ws/install/my_bot_description/share/my_bot_description/environment/path.dsv
[0.129s] -- Up-to-date: /home/flow/rostut_ws/install/my_bot_description/share/my_bot_description/local_setup.bash
[0.129s] -- Up-to-date: /home/flow/rostut_ws/install/my_bot_description/share/my_bot_description/local_setup.sh
[0.129s] -- Up-to-date: /home/flow/rostut_ws/install/my_bot_description/share/my_bot_description/local_setup.zsh
[0.129s] -- Up-to-date: /home/flow/rostut_ws/install/my_bot_description/share/my_bot_description/local_setup.dsv
[0.130s] -- Installing: /home/flow/rostut_ws/install/my_bot_description/share/my_bot_description/package.dsv
[0.130s] -- Up-to-date: /home/flow/rostut_ws/install/my_bot_description/share/ament_index/resource_index/packages/my_bot_description
[0.130s] -- Up-to-date: /home/flow/rostut_ws/install/my_bot_description/share/my_bot_description/cmake/my_bot_descriptionConfig.cmake
[0.130s] -- Up-to-date: /home/flow/rostut_ws/install/my_bot_description/share/my_bot_description/cmake/my_bot_descriptionConfig-version.cmake
[0.130s] -- Up-to-date: /home/flow/rostut_ws/install/my_bot_description/share/my_bot_description/package.xml
[0.132s] Invoked command in '/home/flow/rostut_ws/build/my_bot_description' returned '0': CMAKE_PREFIX_PATH=${CMAKE_PREFIX_PATH}:/opt/ros/jazzy DEBUGINFOD_URLS=https://debuginfod.ubuntu.com /usr/bin/cmake --install /home/flow/rostut_ws/build/my_bot_description
