-- Found ament_cmake: 2.5.2 (/opt/ros/jazzy/share/ament_cmake/cmake)
-- Override CMake install command with custom implementation using symlinks instead of copying resources
-- Configuring done (0.2s)
-- Generating done (0.0s)
-- Build files have been written to: /home/flow/rostut_ws/build/my_bot_bringup
-- Install configuration: ""
-- Execute custom install script
-- Up-to-date symlink: /home/flow/rostut_ws/install/my_bot_bringup/share/my_bot_bringup//launch/my_bot_gazebo.launch.xml
-- Up-to-date symlink: /home/flow/rostut_ws/install/my_bot_bringup/share/my_bot_bringup//rviz/bot.rviz
-- Symlinking: /home/flow/rostut_ws/install/my_bot_bringup/share/my_bot_bringup//config/gazebo_bridge.yaml
-- Up-to-date symlink: /home/flow/rostut_ws/install/my_bot_bringup/share/ament_index/resource_index/package_run_dependencies/my_bot_bringup
-- Up-to-date symlink: /home/flow/rostut_ws/install/my_bot_bringup/share/ament_index/resource_index/parent_prefix_path/my_bot_bringup
-- Up-to-date symlink: /home/flow/rostut_ws/install/my_bot_bringup/share/my_bot_bringup/environment/ament_prefix_path.sh
-- Up-to-date symlink: /home/flow/rostut_ws/install/my_bot_bringup/share/my_bot_bringup/environment/ament_prefix_path.dsv
-- Up-to-date symlink: /home/flow/rostut_ws/install/my_bot_bringup/share/my_bot_bringup/environment/path.sh
-- Up-to-date symlink: /home/flow/rostut_ws/install/my_bot_bringup/share/my_bot_bringup/environment/path.dsv
-- Up-to-date symlink: /home/flow/rostut_ws/install/my_bot_bringup/share/my_bot_bringup/local_setup.bash
-- Up-to-date symlink: /home/flow/rostut_ws/install/my_bot_bringup/share/my_bot_bringup/local_setup.sh
-- Up-to-date symlink: /home/flow/rostut_ws/install/my_bot_bringup/share/my_bot_bringup/local_setup.zsh
-- Up-to-date symlink: /home/flow/rostut_ws/install/my_bot_bringup/share/my_bot_bringup/local_setup.dsv
-- Symlinking: /home/flow/rostut_ws/install/my_bot_bringup/share/my_bot_bringup/package.dsv
-- Up-to-date symlink: /home/flow/rostut_ws/install/my_bot_bringup/share/ament_index/resource_index/packages/my_bot_bringup
-- Up-to-date symlink: /home/flow/rostut_ws/install/my_bot_bringup/share/my_bot_bringup/cmake/my_bot_bringupConfig.cmake
-- Up-to-date symlink: /home/flow/rostut_ws/install/my_bot_bringup/share/my_bot_bringup/cmake/my_bot_bringupConfig-version.cmake
-- Up-to-date symlink: /home/flow/rostut_ws/install/my_bot_bringup/share/my_bot_bringup/package.xml
