[0.011s] Invoking command in '/home/flow/rostut_ws/build/my_bot_bringup': CMAKE_PREFIX_PATH=${CMAKE_PREFIX_PATH}:/opt/ros/jazzy DEBUGINFOD_URLS=https://debuginfod.ubuntu.com /usr/bin/cmake --build /home/flow/rostut_ws/build/my_bot_bringup -- -j12 -l12
[0.032s] -- Found ament_cmake: 2.5.2 (/opt/ros/jazzy/share/ament_cmake/cmake)
[0.191s] -- Override CMake install command with custom implementation using symlinks instead of copying resources
[0.263s] -- Configuring done (0.2s)
[0.265s] -- Generating done (0.0s)
[0.266s] -- Build files have been written to: /home/flow/rostut_ws/build/my_bot_bringup
[0.281s] Invoked command in '/home/flow/rostut_ws/build/my_bot_bringup' returned '0': CMAKE_PREFIX_PATH=${CMAKE_PREFIX_PATH}:/opt/ros/jazzy DEBUGINFOD_URLS=https://debuginfod.ubuntu.com /usr/bin/cmake --build /home/flow/rostut_ws/build/my_bot_bringup -- -j12 -l12
[0.282s] Invoking command in '/home/flow/rostut_ws/build/my_bot_bringup': CMAKE_PREFIX_PATH=${CMAKE_PREFIX_PATH}:/opt/ros/jazzy DEBUGINFOD_URLS=https://debuginfod.ubuntu.com /usr/bin/cmake --install /home/flow/rostut_ws/build/my_bot_bringup
[0.288s] -- Install configuration: ""
[0.288s] -- Execute custom install script
[0.288s] -- Up-to-date symlink: /home/flow/rostut_ws/install/my_bot_bringup/share/my_bot_bringup//launch/my_bot_gazebo.launch.xml
[0.289s] -- Up-to-date symlink: /home/flow/rostut_ws/install/my_bot_bringup/share/my_bot_bringup//rviz/bot.rviz
[0.289s] -- Symlinking: /home/flow/rostut_ws/install/my_bot_bringup/share/my_bot_bringup//config/gazebo_bridge.yaml
[0.295s] -- Up-to-date symlink: /home/flow/rostut_ws/install/my_bot_bringup/share/ament_index/resource_index/package_run_dependencies/my_bot_bringup
[0.295s] -- Up-to-date symlink: /home/flow/rostut_ws/install/my_bot_bringup/share/ament_index/resource_index/parent_prefix_path/my_bot_bringup
[0.295s] -- Up-to-date symlink: /home/flow/rostut_ws/install/my_bot_bringup/share/my_bot_bringup/environment/ament_prefix_path.sh
[0.296s] -- Up-to-date symlink: /home/flow/rostut_ws/install/my_bot_bringup/share/my_bot_bringup/environment/ament_prefix_path.dsv
[0.296s] -- Up-to-date symlink: /home/flow/rostut_ws/install/my_bot_bringup/share/my_bot_bringup/environment/path.sh
[0.296s] -- Up-to-date symlink: /home/flow/rostut_ws/install/my_bot_bringup/share/my_bot_bringup/environment/path.dsv
[0.296s] -- Up-to-date symlink: /home/flow/rostut_ws/install/my_bot_bringup/share/my_bot_bringup/local_setup.bash
[0.296s] -- Up-to-date symlink: /home/flow/rostut_ws/install/my_bot_bringup/share/my_bot_bringup/local_setup.sh
[0.296s] -- Up-to-date symlink: /home/flow/rostut_ws/install/my_bot_bringup/share/my_bot_bringup/local_setup.zsh
[0.296s] -- Up-to-date symlink: /home/flow/rostut_ws/install/my_bot_bringup/share/my_bot_bringup/local_setup.dsv
[0.296s] -- Symlinking: /home/flow/rostut_ws/install/my_bot_bringup/share/my_bot_bringup/package.dsv
[0.304s] -- Up-to-date symlink: /home/flow/rostut_ws/install/my_bot_bringup/share/ament_index/resource_index/packages/my_bot_bringup
[0.304s] -- Up-to-date symlink: /home/flow/rostut_ws/install/my_bot_bringup/share/my_bot_bringup/cmake/my_bot_bringupConfig.cmake
[0.304s] -- Up-to-date symlink: /home/flow/rostut_ws/install/my_bot_bringup/share/my_bot_bringup/cmake/my_bot_bringupConfig-version.cmake
[0.304s] -- Up-to-date symlink: /home/flow/rostut_ws/install/my_bot_bringup/share/my_bot_bringup/package.xml
[0.306s] Invoked command in '/home/flow/rostut_ws/build/my_bot_bringup' returned '0': CMAKE_PREFIX_PATH=${CMAKE_PREFIX_PATH}:/opt/ros/jazzy DEBUGINFOD_URLS=https://debuginfod.ubuntu.com /usr/bin/cmake --install /home/flow/rostut_ws/build/my_bot_bringup
