[0.018s] Invoking command in '/home/flow/rostut_ws/build/my_bot_description': CMAKE_PREFIX_PATH=${CMAKE_PREFIX_PATH}:/opt/ros/jazzy DEBUGINFOD_URLS=https://debuginfod.ubuntu.com /usr/bin/cmake /home/flow/rostut_ws/src/my_bot_description -DCMAKE_INSTALL_PREFIX=/home/flow/rostut_ws/install/my_bot_description
[0.182s] -- The C compiler identification is GNU 13.3.0
[0.430s] -- The CXX compiler identification is GNU 13.3.0
[0.464s] -- Detecting C compiler ABI info
[0.764s] -- Detecting C compiler ABI info - done
[0.813s] -- Check for working C compiler: /usr/bin/cc - skipped
[0.821s] -- Detecting C compile features
[0.823s] -- Detecting C compile features - done
[0.856s] -- Detecting CXX compiler ABI info
[1.205s] -- Detecting CXX compiler ABI info - done
[1.245s] -- Check for working CXX compiler: /usr/bin/c++ - skipped
[1.246s] -- Detecting CXX compile features
[1.248s] -- Detecting CXX compile features - done
[1.278s] -- Found ament_cmake: 2.5.2 (/opt/ros/jazzy/share/ament_cmake/cmake)
[1.728s] -- Found Python3: /usr/bin/python3 (found version "3.12.3") found components: Interpreter 
[2.154s] -- Configuring done (2.1s)
[2.157s] -- Generating done (0.0s)
[2.158s] -- Build files have been written to: /home/flow/rostut_ws/build/my_bot_description
[2.163s] Invoked command in '/home/flow/rostut_ws/build/my_bot_description' returned '0': CMAKE_PREFIX_PATH=${CMAKE_PREFIX_PATH}:/opt/ros/jazzy DEBUGINFOD_URLS=https://debuginfod.ubuntu.com /usr/bin/cmake /home/flow/rostut_ws/src/my_bot_description -DCMAKE_INSTALL_PREFIX=/home/flow/rostut_ws/install/my_bot_description
[2.164s] Invoking command in '/home/flow/rostut_ws/build/my_bot_description': CMAKE_PREFIX_PATH=${CMAKE_PREFIX_PATH}:/opt/ros/jazzy DEBUGINFOD_URLS=https://debuginfod.ubuntu.com /usr/bin/cmake --build /home/flow/rostut_ws/build/my_bot_description -- -j12 -l12
[2.207s] Invoked command in '/home/flow/rostut_ws/build/my_bot_description' returned '0': CMAKE_PREFIX_PATH=${CMAKE_PREFIX_PATH}:/opt/ros/jazzy DEBUGINFOD_URLS=https://debuginfod.ubuntu.com /usr/bin/cmake --build /home/flow/rostut_ws/build/my_bot_description -- -j12 -l12
[2.224s] Invoking command in '/home/flow/rostut_ws/build/my_bot_description': CMAKE_PREFIX_PATH=${CMAKE_PREFIX_PATH}:/opt/ros/jazzy DEBUGINFOD_URLS=https://debuginfod.ubuntu.com /usr/bin/cmake --install /home/flow/rostut_ws/build/my_bot_description
[2.245s] -- Install configuration: ""
[2.245s] -- Installing: /home/flow/rostut_ws/install/my_bot_description/share/my_bot_description//urdf
[2.246s] -- Installing: /home/flow/rostut_ws/install/my_bot_description/share/my_bot_description//urdf/my_bot.urdf
[2.246s] -- Installing: /home/flow/rostut_ws/install/my_bot_description/share/ament_index/resource_index/package_run_dependencies/my_bot_description
[2.247s] -- Installing: /home/flow/rostut_ws/install/my_bot_description/share/ament_index/resource_index/parent_prefix_path/my_bot_description
[2.248s] -- Installing: /home/flow/rostut_ws/install/my_bot_description/share/my_bot_description/environment/ament_prefix_path.sh
[2.248s] -- Installing: /home/flow/rostut_ws/install/my_bot_description/share/my_bot_description/environment/ament_prefix_path.dsv
[2.248s] -- Installing: /home/flow/rostut_ws/install/my_bot_description/share/my_bot_description/environment/path.sh
[2.249s] -- Installing: /home/flow/rostut_ws/install/my_bot_description/share/my_bot_description/environment/path.dsv
[2.249s] -- Installing: /home/flow/rostut_ws/install/my_bot_description/share/my_bot_description/local_setup.bash
[2.250s] -- Installing: /home/flow/rostut_ws/install/my_bot_description/share/my_bot_description/local_setup.sh
[2.250s] -- Installing: /home/flow/rostut_ws/install/my_bot_description/share/my_bot_description/local_setup.zsh
[2.251s] -- Installing: /home/flow/rostut_ws/install/my_bot_description/share/my_bot_description/local_setup.dsv
[2.251s] -- Installing: /home/flow/rostut_ws/install/my_bot_description/share/my_bot_description/package.dsv
[2.251s] -- Installing: /home/flow/rostut_ws/install/my_bot_description/share/ament_index/resource_index/packages/my_bot_description
[2.252s] -- Installing: /home/flow/rostut_ws/install/my_bot_description/share/my_bot_description/cmake/my_bot_descriptionConfig.cmake
[2.252s] -- Installing: /home/flow/rostut_ws/install/my_bot_description/share/my_bot_description/cmake/my_bot_descriptionConfig-version.cmake
[2.253s] -- Installing: /home/flow/rostut_ws/install/my_bot_description/share/my_bot_description/package.xml
[2.258s] Invoked command in '/home/flow/rostut_ws/build/my_bot_description' returned '0': CMAKE_PREFIX_PATH=${CMAKE_PREFIX_PATH}:/opt/ros/jazzy DEBUGINFOD_URLS=https://debuginfod.ubuntu.com /usr/bin/cmake --install /home/flow/rostut_ws/build/my_bot_description
